# JRE version: OpenJDK Runtime Environment (21.0.6) (build 21.0.6+-13391695-b895.109)
# Java VM: OpenJDK 64-Bit Server VM (21.0.6+-13391695-b895.109, mixed mode, tiered, compressed oops, compressed class ptrs, g1 gc, windows-amd64)
GC Precious Log:
 CardTable entry size: 512
 Card Set container configuration: InlinePtr #cards 4 size 8 Array Of Cards #cards 32 size 80 Howl #buckets 8 coarsen threshold 7372 Howl Bitmap #cards 1024 size 144 coarsen threshold 921 Card regions per heap region 1 cards per card region 8192
 CPUs: 8 total, 8 available
 Memory: 7617M
 Large Page Support: Disabled
 NUMA Support: Disabled
 Compressed Oops: Enabled (Zero based)
 Heap Region Size: 4M
 Heap Min Capacity: 8M
 Heap Initial Capacity: 120M
 Heap Max Capacity: 8G
 Pre-touch: Disabled
 Parallel Workers: 8
 Concurrent Workers: 2
 Concurrent Refinement Workers: 8
 Periodic GC: Disabled
Heap:
 garbage-first heap   total 1622016K, used 346873K [0x0000000600000000, 0x0000000800000000)
  region size 4096K, 2 young (8192K), 2 survivors (8192K)
 Metaspace       used 144897K, committed 150400K, reserved 1179648K
  class space    used 18847K, committed 20864K, reserved 1048576K
GC Heap History (20 events):
Event: 6452.094 GC heap after
{Heap after GC invocations=82 (full 0):
 garbage-first heap   total 1011712K, used 299522K [0x0000000600000000, 0x0000000800000000)
  region size 4096K, 2 young (8192K), 2 survivors (8192K)
 Metaspace       used 146878K, committed 149568K, reserved 1179648K
  class space    used 19515K, committed 20864K, reserved 1048576K
}
Event: 6456.214 GC heap before
{Heap before GC invocations=82 (full 0):
 garbage-first heap   total 1011712K, used 483842K [0x0000000600000000, 0x0000000800000000)
  region size 4096K, 48 young (196608K), 2 survivors (8192K)
 Metaspace       used 147149K, committed 149824K, reserved 1179648K
  class space    used 19519K, committed 20864K, reserved 1048576K
}
Event: 6456.253 GC heap after
{Heap after GC invocations=83 (full 0):
 garbage-first heap   total 1011712K, used 317945K [0x0000000600000000, 0x0000000800000000)
  region size 4096K, 6 young (24576K), 6 survivors (24576K)
 Metaspace       used 147149K, committed 149824K, reserved 1179648K
  class space    used 19519K, committed 20864K, reserved 1048576K
}
Event: 6492.187 GC heap before
{Heap before GC invocations=83 (full 0):
 garbage-first heap   total 1011712K, used 428537K [0x0000000600000000, 0x0000000800000000)
  region size 4096K, 34 young (139264K), 6 survivors (24576K)
 Metaspace       used 147375K, committed 150080K, reserved 1179648K
  class space    used 19527K, committed 20864K, reserved 1048576K
}
Event: 6492.375 GC heap after
{Heap after GC invocations=84 (full 0):
 garbage-first heap   total 1011712K, used 333113K [0x0000000600000000, 0x0000000800000000)
  region size 4096K, 5 young (20480K), 5 survivors (20480K)
 Metaspace       used 147375K, committed 150080K, reserved 1179648K
  class space    used 19527K, committed 20864K, reserved 1048576K
}
Event: 6495.980 GC heap before
{Heap before GC invocations=84 (full 0):
 garbage-first heap   total 1011712K, used 419129K [0x0000000600000000, 0x0000000800000000)
  region size 4096K, 27 young (110592K), 5 survivors (20480K)
 Metaspace       used 147455K, committed 150144K, reserved 1179648K
  class space    used 19528K, committed 20864K, reserved 1048576K
}
Event: 6496.109 GC heap after
{Heap after GC invocations=85 (full 0):
 garbage-first heap   total 1011712K, used 338234K [0x0000000600000000, 0x0000000800000000)
  region size 4096K, 3 young (12288K), 3 survivors (12288K)
 Metaspace       used 147455K, committed 150144K, reserved 1179648K
  class space    used 19528K, committed 20864K, reserved 1048576K
}
Event: 6501.444 GC heap before
{Heap before GC invocations=85 (full 0):
 garbage-first heap   total 1011712K, used 571706K [0x0000000600000000, 0x0000000800000000)
  region size 4096K, 33 young (135168K), 3 survivors (12288K)
 Metaspace       used 147560K, committed 150272K, reserved 1179648K
  class space    used 19529K, committed 20864K, reserved 1048576K
}
Event: 6501.581 GC heap after
{Heap after GC invocations=86 (full 0):
 garbage-first heap   total 1011712K, used 339230K [0x0000000600000000, 0x0000000800000000)
  region size 4096K, 4 young (16384K), 4 survivors (16384K)
 Metaspace       used 147560K, committed 150272K, reserved 1179648K
  class space    used 19529K, committed 20864K, reserved 1048576K
}
Event: 6502.745 GC heap before
{Heap before GC invocations=86 (full 0):
 garbage-first heap   total 1011712K, used 425246K [0x0000000600000000, 0x0000000800000000)
  region size 4096K, 26 young (106496K), 4 survivors (16384K)
 Metaspace       used 147560K, committed 150272K, reserved 1179648K
  class space    used 19529K, committed 20864K, reserved 1048576K
}
Event: 6503.113 GC heap after
{Heap after GC invocations=87 (full 0):
 garbage-first heap   total 1232896K, used 345088K [0x0000000600000000, 0x0000000800000000)
  region size 4096K, 4 young (16384K), 4 survivors (16384K)
 Metaspace       used 147560K, committed 150272K, reserved 1179648K
  class space    used 19529K, committed 20864K, reserved 1048576K
}
Event: 6507.555 GC heap before
{Heap before GC invocations=87 (full 0):
 garbage-first heap   total 1232896K, used 386048K [0x0000000600000000, 0x0000000800000000)
  region size 4096K, 15 young (61440K), 4 survivors (16384K)
 Metaspace       used 147567K, committed 150272K, reserved 1179648K
  class space    used 19529K, committed 20864K, reserved 1048576K
}
Event: 6507.663 GC heap after
{Heap after GC invocations=88 (full 0):
 garbage-first heap   total 1232896K, used 330379K [0x0000000600000000, 0x0000000800000000)
  region size 4096K, 1 young (4096K), 1 survivors (4096K)
 Metaspace       used 147567K, committed 150272K, reserved 1179648K
  class space    used 19529K, committed 20864K, reserved 1048576K
}
Event: 8913.612 GC heap before
{Heap before GC invocations=88 (full 0):
 garbage-first heap   total 1232896K, used 436875K [0x0000000600000000, 0x0000000800000000)
  region size 4096K, 28 young (114688K), 1 survivors (4096K)
 Metaspace       used 147614K, committed 150272K, reserved 1179648K
  class space    used 19530K, committed 20864K, reserved 1048576K
}
Event: 8913.879 GC heap after
{Heap after GC invocations=89 (full 0):
 garbage-first heap   total 1232896K, used 330213K [0x0000000600000000, 0x0000000800000000)
  region size 4096K, 2 young (8192K), 2 survivors (8192K)
 Metaspace       used 147614K, committed 150272K, reserved 1179648K
  class space    used 19530K, committed 20864K, reserved 1048576K
}
Event: 8915.338 GC heap before
{Heap before GC invocations=89 (full 0):
 garbage-first heap   total 1232896K, used 379365K [0x0000000600000000, 0x0000000800000000)
  region size 4096K, 15 young (61440K), 2 survivors (8192K)
 Metaspace       used 147639K, committed 150336K, reserved 1179648K
  class space    used 19530K, committed 20864K, reserved 1048576K
}
Event: 8915.436 GC heap after
{Heap after GC invocations=90 (full 0):
 garbage-first heap   total 1232896K, used 334567K [0x0000000600000000, 0x0000000800000000)
  region size 4096K, 2 young (8192K), 2 survivors (8192K)
 Metaspace       used 147639K, committed 150336K, reserved 1179648K
  class space    used 19530K, committed 20864K, reserved 1048576K
}
Event: 8917.203 GC heap before
{Heap before GC invocations=90 (full 0):
 garbage-first heap   total 1232896K, used 387815K [0x0000000600000000, 0x0000000800000000)
  region size 4096K, 15 young (61440K), 2 survivors (8192K)
 Metaspace       used 147724K, committed 150400K, reserved 1179648K
  class space    used 19530K, committed 20864K, reserved 1048576K
}
Event: 8917.241 GC heap after
{Heap after GC invocations=91 (full 0):
 garbage-first heap   total 1232896K, used 342497K [0x0000000600000000, 0x0000000800000000)
  region size 4096K, 2 young (8192K), 2 survivors (8192K)
 Metaspace       used 147724K, committed 150400K, reserved 1179648K
  class space    used 19530K, committed 20864K, reserved 1048576K
}
Event: 8918.922 GC heap before
{Heap before GC invocations=91 (full 0):
 garbage-first heap   total 1134592K, used 383457K [0x0000000600000000, 0x0000000800000000)
  region size 4096K, 13 young (53248K), 2 survivors (8192K)
 Metaspace       used 144897K, committed 150400K, reserved 1179648K
  class space    used 18847K, committed 20864K, reserved 1048576K
}

